  texture.cpp
  renders.cpp
  main.cpp
  figuras.cpp
c:\users\jepf_\documents\githubrepositories\proyectofinalequipo03leonpacheco\proyectofinallcgii\claselabcompgrafii\claselabcompgrafii\figuras.cpp(24): warning C4838: la conversión de 'double' en 'GLfloat' requiere una conversión de restricción
c:\users\jepf_\documents\githubrepositories\proyectofinalequipo03leonpacheco\proyectofinallcgii\claselabcompgrafii\claselabcompgrafii\figuras.cpp(103): warning C4838: la conversión de 'double' en 'GLfloat' requiere una conversión de restricción
c:\users\jepf_\documents\githubrepositories\proyectofinalequipo03leonpacheco\proyectofinallcgii\claselabcompgrafii\claselabcompgrafii\figuras.cpp(156): warning C4838: la conversión de 'double' en 'GLfloat' requiere una conversión de restricción
c:\users\jepf_\documents\githubrepositories\proyectofinalequipo03leonpacheco\proyectofinallcgii\claselabcompgrafii\claselabcompgrafii\figuras.cpp(365): warning C4101: 'theta': variable local sin referencia
c:\users\jepf_\documents\githubrepositories\proyectofinalequipo03leonpacheco\proyectofinallcgii\claselabcompgrafii\claselabcompgrafii\figuras.cpp(365): warning C4101: 'phi': variable local sin referencia
c:\users\jepf_\documents\githubrepositories\proyectofinalequipo03leonpacheco\proyectofinallcgii\claselabcompgrafii\claselabcompgrafii\figuras.cpp(786): warning C4838: la conversión de 'double' en 'GLfloat' requiere una conversión de restricción
  Camera.cpp
  Generando código...
CModel.lib(_3dsloader.obj) : warning LNK4099: no se encontró PDB 'vc70.pdb' con 'CModel.lib(_3dsloader.obj)' o en 'C:\Users\jepf_\Documents\GitHubRepositories\proyectoFinalEquipo03LeonPacheco\proyectoFinalLCGII\claseLabCompGrafII\Debug\vc70.pdb'; se vinculará el objeto sin tener en cuenta información de depuración
CModel.lib(CModel.obj) : warning LNK4099: no se encontró PDB 'vc70.pdb' con 'CModel.lib(CModel.obj)' o en 'C:\Users\jepf_\Documents\GitHubRepositories\proyectoFinalEquipo03LeonPacheco\proyectoFinalLCGII\claseLabCompGrafII\Debug\vc70.pdb'; se vinculará el objeto sin tener en cuenta información de depuración
CModel.lib(CObject.obj) : warning LNK4099: no se encontró PDB 'vc70.pdb' con 'CModel.lib(CObject.obj)' o en 'C:\Users\jepf_\Documents\GitHubRepositories\proyectoFinalEquipo03LeonPacheco\proyectoFinalLCGII\claseLabCompGrafII\Debug\vc70.pdb'; se vinculará el objeto sin tener en cuenta información de depuración
CModel.lib(GFILoader.obj) : warning LNK4099: no se encontró PDB 'vc70.pdb' con 'CModel.lib(GFILoader.obj)' o en 'C:\Users\jepf_\Documents\GitHubRepositories\proyectoFinalEquipo03LeonPacheco\proyectoFinalLCGII\claseLabCompGrafII\Debug\vc70.pdb'; se vinculará el objeto sin tener en cuenta información de depuración
CModel.lib(GLRender.obj) : warning LNK4099: no se encontró PDB 'vc70.pdb' con 'CModel.lib(GLRender.obj)' o en 'C:\Users\jepf_\Documents\GitHubRepositories\proyectoFinalEquipo03LeonPacheco\proyectoFinalLCGII\claseLabCompGrafII\Debug\vc70.pdb'; se vinculará el objeto sin tener en cuenta información de depuración
CModel.lib(HandleStream.obj) : warning LNK4099: no se encontró PDB 'vc70.pdb' con 'CModel.lib(HandleStream.obj)' o en 'C:\Users\jepf_\Documents\GitHubRepositories\proyectoFinalEquipo03LeonPacheco\proyectoFinalLCGII\claseLabCompGrafII\Debug\vc70.pdb'; se vinculará el objeto sin tener en cuenta información de depuración
CModel.lib(imageload.obj) : warning LNK4099: no se encontró PDB 'vc70.pdb' con 'CModel.lib(imageload.obj)' o en 'C:\Users\jepf_\Documents\GitHubRepositories\proyectoFinalEquipo03LeonPacheco\proyectoFinalLCGII\claseLabCompGrafII\Debug\vc70.pdb'; se vinculará el objeto sin tener en cuenta información de depuración
CModel.lib(MATRIX4X4.obj) : warning LNK4099: no se encontró PDB 'vc70.pdb' con 'CModel.lib(MATRIX4X4.obj)' o en 'C:\Users\jepf_\Documents\GitHubRepositories\proyectoFinalEquipo03LeonPacheco\proyectoFinalLCGII\claseLabCompGrafII\Debug\vc70.pdb'; se vinculará el objeto sin tener en cuenta información de depuración
CModel.lib(VECTOR3D.obj) : warning LNK4099: no se encontró PDB 'vc70.pdb' con 'CModel.lib(VECTOR3D.obj)' o en 'C:\Users\jepf_\Documents\GitHubRepositories\proyectoFinalEquipo03LeonPacheco\proyectoFinalLCGII\claseLabCompGrafII\Debug\vc70.pdb'; se vinculará el objeto sin tener en cuenta información de depuración
CModel.lib(VECTOR4D.obj) : warning LNK4099: no se encontró PDB 'vc70.pdb' con 'CModel.lib(VECTOR4D.obj)' o en 'C:\Users\jepf_\Documents\GitHubRepositories\proyectoFinalEquipo03LeonPacheco\proyectoFinalLCGII\claseLabCompGrafII\Debug\vc70.pdb'; se vinculará el objeto sin tener en cuenta información de depuración
  claseLabCompGrafII.vcxproj -> C:\Users\jepf_\Documents\GitHubRepositories\proyectoFinalEquipo03LeonPacheco\proyectoFinalLCGII\claseLabCompGrafII\Debug\claseLabCompGrafII.exe
